p:\users\iquoc tran\source\repos\ghost hunter sam\ghost hunter sam\x64\debug\vc143.pdb
p:\users\iquoc tran\source\repos\ghost hunter sam\ghost hunter sam\x64\debug\vc143.idb
p:\users\iquoc tran\source\repos\ghost hunter sam\ghost hunter sam\x64\debug\vector2d.obj
p:\users\iquoc tran\source\repos\ghost hunter sam\ghost hunter sam\x64\debug\texturemanager.obj
p:\users\iquoc tran\source\repos\ghost hunter sam\ghost hunter sam\x64\debug\map.obj
p:\users\iquoc tran\source\repos\ghost hunter sam\ghost hunter sam\x64\debug\main.obj
p:\users\iquoc tran\source\repos\ghost hunter sam\ghost hunter sam\x64\debug\gameobject.obj
p:\users\iquoc tran\source\repos\ghost hunter sam\ghost hunter sam\x64\debug\game.obj
p:\users\iquoc tran\source\repos\ghost hunter sam\ghost hunter sam\x64\debug\ecs.obj
p:\users\iquoc tran\source\repos\ghost hunter sam\ghost hunter sam\x64\debug\collision.obj
p:\users\iquoc tran\source\repos\ghost hunter sam\ghost hunter sam\x64\debug\assetmanager.obj
p:\users\iquoc tran\source\repos\ghost hunter sam\x64\debug\ghost hunter sam.exe
p:\users\iquoc tran\source\repos\ghost hunter sam\ghost hunter sam\x64\debug\ghost hunter sam.ilk
p:\users\iquoc tran\source\repos\ghost hunter sam\x64\debug\ghost hunter sam.pdb
p:\users\iquoc tran\source\repos\ghost hunter sam\ghost hunter sam\x64\debug\ghost hunter sam.tlog\cl.command.1.tlog
p:\users\iquoc tran\source\repos\ghost hunter sam\ghost hunter sam\x64\debug\ghost hunter sam.tlog\cl.read.1.tlog
p:\users\iquoc tran\source\repos\ghost hunter sam\ghost hunter sam\x64\debug\ghost hunter sam.tlog\cl.write.1.tlog
p:\users\iquoc tran\source\repos\ghost hunter sam\ghost hunter sam\x64\debug\ghost hunter sam.tlog\link.command.1.tlog
p:\users\iquoc tran\source\repos\ghost hunter sam\ghost hunter sam\x64\debug\ghost hunter sam.tlog\link.read.1.tlog
p:\users\iquoc tran\source\repos\ghost hunter sam\ghost hunter sam\x64\debug\ghost hunter sam.tlog\link.write.1.tlog
