p:\users\iquoc tran\source\repos\ghost hunter sam\ghost hunter sam\x64\demo\vc143.pdb
p:\users\iquoc tran\source\repos\ghost hunter sam\ghost hunter sam\x64\demo\vc143.idb
p:\users\iquoc tran\source\repos\ghost hunter sam\ghost hunter sam\x64\demo\vector2d.obj
p:\users\iquoc tran\source\repos\ghost hunter sam\ghost hunter sam\x64\demo\texturemanager.obj
p:\users\iquoc tran\source\repos\ghost hunter sam\ghost hunter sam\x64\demo\map.obj
p:\users\iquoc tran\source\repos\ghost hunter sam\ghost hunter sam\x64\demo\main.obj
p:\users\iquoc tran\source\repos\ghost hunter sam\ghost hunter sam\x64\demo\gameobject.obj
p:\users\iquoc tran\source\repos\ghost hunter sam\ghost hunter sam\x64\demo\game.obj
p:\users\iquoc tran\source\repos\ghost hunter sam\ghost hunter sam\x64\demo\ecs.obj
p:\users\iquoc tran\source\repos\ghost hunter sam\ghost hunter sam\x64\demo\collision.obj
p:\users\iquoc tran\source\repos\ghost hunter sam\ghost hunter sam\x64\demo\assetmanager.obj
p:\users\iquoc tran\source\repos\ghost hunter sam\x64\demo\ghost hunter sam.exe
p:\users\iquoc tran\source\repos\ghost hunter sam\ghost hunter sam\x64\demo\ghost hunter sam.ilk
p:\users\iquoc tran\source\repos\ghost hunter sam\x64\demo\ghost hunter sam.pdb
p:\users\iquoc tran\source\repos\ghost hunter sam\ghost hunter sam\x64\demo\ghost hunter sam.tlog\cl.command.1.tlog
p:\users\iquoc tran\source\repos\ghost hunter sam\ghost hunter sam\x64\demo\ghost hunter sam.tlog\cl.read.1.tlog
p:\users\iquoc tran\source\repos\ghost hunter sam\ghost hunter sam\x64\demo\ghost hunter sam.tlog\cl.write.1.tlog
p:\users\iquoc tran\source\repos\ghost hunter sam\ghost hunter sam\x64\demo\ghost hunter sam.tlog\link.command.1.tlog
p:\users\iquoc tran\source\repos\ghost hunter sam\ghost hunter sam\x64\demo\ghost hunter sam.tlog\link.read.1.tlog
p:\users\iquoc tran\source\repos\ghost hunter sam\ghost hunter sam\x64\demo\ghost hunter sam.tlog\link.write.1.tlog
